
=== Thu Jul  7 08:27:57 2022

Packages were changed.
Update Mode: updateDependencies

The following packages were added:
  com.unity.2d.sprite@1.0.0
  com.unity.2d.tilemap@1.0.0
  com.unity.collab-proxy@1.14.18
  com.unity.ide.rider@1.2.1
  com.unity.ide.visualstudio@2.0.15
  com.unity.ide.vscode@1.2.5
  com.unity.modules.androidjni@1.0.0
  com.unity.multiplayer-hlapi@1.0.8
  com.unity.test-framework@1.1.31
  com.unity.timeline@1.2.18
  com.unity.ugui@1.0.0
  com.unity.xr.legacyinputhelpers@2.1.9
The following packages were updated:
  com.unity.ads from version 2.0.8 to 3.7.5
  com.unity.analytics from version 2.0.16 to 3.6.12
  com.unity.purchasing from version 2.0.3 to 4.1.5
  com.unity.textmeshpro from version 1.2.4 to 2.1.4
The following packages were removed:
  com.unity.package-manager-ui@1.9.11

=== Thu Jul  7 09:33:26 2022

Packages were changed.
Update Mode: updateDependencies

The following packages were updated:
  com.unity.collab-proxy from version 1.14.18 to 1.15.18
  com.unity.ide.rider from version 1.2.1 to 3.0.14
  com.unity.textmeshpro from version 2.1.4 to 3.0.6
  com.unity.timeline from version 1.2.18 to 1.6.4
The following packages were removed:
  com.unity.multiplayer-hlapi@1.0.8
